14.82796859741211
14.268476486206055
13.883377075195312
11.460275650024414
12.575376510620117
12.100240707397461
11.160022735595703
13.792539596557617
11.57925033569336
11.069025039672852
10.768291473388672
12.163431167602539
11.643291473388672
11.84404468536377
10.291353225708008
9.481831550598145
10.64523696899414
10.828329086303711
9.789827346801758
10.918185234069824
10.870562553405762
9.901823043823242
9.448945999145508
10.873048782348633
9.41917610168457
10.699041366577148
11.130498886108398
11.272384643554688
8.429805755615234
9.292281150817871
9.812478065490723
10.076772689819336
10.121587753295898
9.286255836486816
9.662206649780273
8.942034721374512
9.503799438476562
10.741640090942383
10.224194526672363
8.948506355285645
11.733322143554688
10.957600593566895
9.812370300292969
9.419769287109375
9.175990104675293
9.824705123901367
9.45537281036377
10.634767532348633
8.758991241455078
13.153284072875977
11.566570281982422
10.554709434509277
11.565834045410156
10.233866691589355
10.790597915649414
11.233564376831055
11.08879566192627
10.137336730957031
10.75082015991211
10.581232070922852
9.548580169677734
11.124958038330078
8.22463607788086
10.776468276977539
12.156953811645508
10.689291000366211
10.180334091186523
10.066941261291504
9.783944129943848
10.612541198730469
10.58404541015625
10.608658790588379
9.242652893066406
10.712895393371582
8.868110656738281
9.439203262329102
10.806639671325684
11.362874984741211
8.981636047363281
8.923738479614258
11.057641983032227
9.880583763122559
10.185993194580078
10.284335136413574
8.604208946228027
10.459905624389648
10.107233047485352
11.069276809692383
9.686843872070312
9.277599334716797
10.050836563110352
10.021175384521484
9.650605201721191
10.08934211730957
10.650177955627441
10.992816925048828
11.425355911254883
8.558005332946777
10.233183860778809
10.190135955810547
10.575395584106445
9.338664054870605
9.077402114868164
11.434098243713379
11.332206726074219
7.609641075134277
8.143030166625977
9.408459663391113
10.034478187561035
8.438298225402832
9.028249740600586
9.304044723510742
9.988851547241211
10.745828628540039
7.523859977722168
8.192935943603516
11.222702026367188
8.56035327911377
7.689548492431641
10.239801406860352
8.31941032409668
8.993642807006836
9.242525100708008
12.111523628234863
9.927209854125977
12.503789901733398
8.751002311706543
9.15223503112793
9.240002632141113
7.592559814453125
11.512646675109863
9.842742919921875
9.448847770690918
10.781100273132324
11.834230422973633
10.358869552612305
8.386659622192383
9.197956085205078
9.586496353149414
10.32033920288086
9.330589294433594
9.687958717346191
11.40658187866211
8.735885620117188
9.812328338623047
9.046844482421875
9.731943130493164
9.52988052368164
11.77664566040039
7.3532586097717285
9.455771446228027
8.145673751831055
10.463967323303223
9.7421293258667
9.528669357299805
10.355249404907227
9.131216049194336
8.620367050170898
8.919085502624512
10.836051940917969
8.552242279052734
9.930373191833496
9.471874237060547
9.559579849243164
8.585994720458984
9.641631126403809
10.75274658203125
10.545056343078613
9.155519485473633
9.878022193908691
11.109682083129883
8.589115142822266
9.046257019042969
9.746009826660156
9.595093727111816
9.19609546661377
8.718488693237305
10.310739517211914
10.251558303833008
10.400810241699219
9.027280807495117
10.910999298095703
10.390165328979492
9.825770378112793
10.275794982910156
10.261619567871094
8.557050704956055
10.410907745361328
10.044500350952148
8.292718887329102
9.059282302856445
10.301189422607422
9.969586372375488
10.186914443969727
9.15554141998291
11.730878829956055
9.081474304199219
10.235660552978516
9.751838684082031
10.066478729248047
10.14912223815918
9.998716354370117
8.974140167236328
10.964374542236328
10.426950454711914
10.004701614379883
9.539307594299316
10.762922286987305
10.047996520996094
8.37252140045166
8.5501708984375
9.275697708129883
9.815844535827637
7.782101631164551
10.209550857543945
10.913857460021973
10.023384094238281
8.925201416015625
10.092142105102539
8.568588256835938
9.108709335327148
10.038476943969727
11.888915061950684
8.715452194213867
10.943038940429688
8.81382942199707
9.671984672546387
8.083099365234375
8.730953216552734
8.08219051361084
9.067262649536133
7.101861476898193
10.437898635864258
10.033321380615234
10.167659759521484
10.749953269958496
8.5267915725708
11.683662414550781
9.545968055725098
9.010353088378906
10.14066219329834
9.14307689666748
8.522306442260742
10.608375549316406
10.032288551330566
7.966197490692139
9.661470413208008
10.751461029052734
10.299278259277344
9.695465087890625
9.523382186889648
9.104981422424316
8.404608726501465
10.931957244873047
11.508628845214844
11.250429153442383
9.381753921508789
10.623306274414062
10.610347747802734
10.83236312866211
7.389604091644287
7.913201808929443
10.248444557189941
9.307279586791992
9.52937126159668
8.22850513458252
9.461523056030273
9.753896713256836
8.447364807128906
7.002236366271973
9.378209114074707
9.698360443115234
8.06999397277832
9.504402160644531
8.465290069580078
9.170963287353516
10.67605209350586
8.892852783203125
10.133583068847656
9.59804630279541
7.818326950073242
9.602718353271484
8.28542423248291
8.135912895202637
8.330940246582031
9.369407653808594
7.6131744384765625
9.072093963623047
8.900794982910156
11.05064868927002
10.423709869384766
9.579204559326172
8.765066146850586
9.516166687011719
8.968997955322266
8.483659744262695
9.390954971313477
10.107715606689453
9.087777137756348
9.372604370117188
10.955211639404297
8.062576293945312
9.20266342163086
9.136016845703125
8.808000564575195
7.853366851806641
8.84514045715332
9.361328125
11.370339393615723
10.296141624450684
9.180452346801758
10.157934188842773
9.0481538772583
9.7479248046875
9.048145294189453
8.761025428771973
10.669820785522461
9.726579666137695
10.995433807373047
11.059623718261719
9.128615379333496
8.311216354370117
9.091073989868164
8.348246574401855
8.972724914550781
9.091144561767578
8.51492691040039
9.625844955444336
7.718034744262695
8.900870323181152
8.969320297241211
8.748517036437988
9.421442031860352
8.807403564453125
9.09719467163086
9.780054092407227
8.24937629699707
7.753473281860352
9.411114692687988
9.585776329040527
9.466522216796875
11.44096851348877
9.805971145629883
8.32186508178711
10.124398231506348
8.899169921875
8.170915603637695
8.427467346191406
9.64753532409668
10.118993759155273
7.496197700500488
10.158735275268555
9.601449966430664
10.076528549194336
9.070911407470703
8.840017318725586
8.403081893920898
9.014542579650879
8.576314926147461
10.690752029418945
9.432989120483398
9.014593124389648
10.555688858032227
9.447050094604492
9.744942665100098
9.322187423706055
10.13957691192627
7.9666547775268555
8.601282119750977
10.033817291259766
8.564363479614258
8.808523178100586
9.095352172851562
7.28657341003418
9.00344467163086
10.658283233642578
8.291304588317871
7.765669822692871
10.578516960144043
10.551197052001953
10.007936477661133
8.987977981567383
9.399892807006836
10.03933334350586
8.426506042480469
10.450167655944824
8.471548080444336
9.67355728149414
7.697851657867432
8.523042678833008
9.988680839538574
8.05137825012207
11.212005615234375
10.423101425170898
6.7441558837890625
7.996213912963867
10.280767440795898
9.307275772094727
9.771184921264648
9.330756187438965
9.771448135375977
8.6331148147583
10.71016788482666
9.038673400878906
9.665260314941406
10.132017135620117
8.993017196655273
9.878721237182617
8.385574340820312
10.891042709350586
8.889999389648438
9.227249145507812
8.206982612609863
10.410581588745117
9.411134719848633
8.405633926391602
10.543488502502441
9.441743850708008
9.472740173339844
7.293631076812744
8.625343322753906
10.79539680480957
11.253230094909668
10.134024620056152
10.107564926147461
9.019948959350586
9.940805435180664
10.97390079498291
9.289128303527832
9.688797950744629
9.412409782409668
9.00930404663086
7.529410362243652
9.99677562713623
8.414539337158203
9.285501480102539
8.516317367553711
7.595589637756348
10.345416069030762
8.890079498291016
9.116189956665039
8.061519622802734
8.972015380859375
9.202239990234375
10.835235595703125
9.612659454345703
9.054051399230957
9.523473739624023
9.521684646606445
11.008794784545898
9.171175003051758
9.19517707824707
9.982571601867676
10.340404510498047
8.879374504089355
8.56905746459961
11.469730377197266
10.460813522338867
9.266251564025879
7.1591901779174805
8.998878479003906
8.499434471130371
9.288991928100586
8.573972702026367
7.215007305145264
9.474409103393555
10.125211715698242
11.189115524291992
10.135276794433594
8.747777938842773
11.837323188781738
8.442852973937988
10.33126449584961
9.854778289794922
11.896751403808594
10.028495788574219
8.670846939086914
9.910346984863281
9.621757507324219
10.200563430786133
10.195070266723633
9.233837127685547
9.739562034606934
9.491260528564453
10.05668830871582
7.344151496887207
9.17685604095459
9.854673385620117
9.421417236328125
9.134159088134766
9.494720458984375
9.306962966918945
11.93716812133789
10.470830917358398
8.888052940368652
9.206550598144531
10.004358291625977
8.68956184387207
9.546379089355469
9.655048370361328
8.710044860839844
8.88722038269043
9.282285690307617
8.558629989624023
9.358148574829102
8.949840545654297
7.735198974609375
8.960407257080078
8.255647659301758
9.17829704284668
10.15243911743164
10.279060363769531
10.081229209899902
7.878936767578125
9.454780578613281
9.57425308227539
7.945525169372559
7.876847267150879
7.267802715301514
8.619937896728516
11.141181945800781
7.562203884124756
11.33171272277832
8.73992919921875
11.168264389038086
8.707551002502441
9.207391738891602
9.083635330200195
10.47908878326416
8.412853240966797
8.173351287841797
9.837482452392578
9.757816314697266
9.293879508972168
9.45964241027832
9.684223175048828
9.124957084655762
8.533891677856445
10.198185920715332
7.401686668395996
8.929388999938965
8.835926055908203
7.217267990112305
10.813508987426758
10.068160057067871
8.609964370727539
8.164012908935547
8.682210922241211
7.098249435424805
9.069355010986328
8.707292556762695
10.514205932617188
8.313549995422363
9.322446823120117
8.32719612121582
8.786699295043945
7.706211566925049
9.153449058532715
9.564950942993164
8.354253768920898
10.107558250427246
9.299110412597656
8.472179412841797
10.011697769165039
8.952170372009277
9.044487953186035
10.35493278503418
7.842113494873047
8.938777923583984
8.299802780151367
9.669469833374023
8.486381530761719
8.153830528259277
7.190985679626465
9.354255676269531
9.9947509765625
10.591018676757812
11.156768798828125
9.376861572265625
