\BOOKMARK [1][-]{section.1}{Overview}{}% 1
\BOOKMARK [2][-]{subsection.1.1}{Introduction}{section.1}% 2
\BOOKMARK [2][-]{subsection.1.2}{Assignment}{section.1}% 3
\BOOKMARK [2][-]{subsection.1.3}{About\040Dataset}{section.1}% 4
\BOOKMARK [1][-]{section.2}{BERT\040and\040BiDAF\040Introduction}{}% 5
\BOOKMARK [2][-]{subsection.2.1}{BERT}{section.2}% 6
\BOOKMARK [2][-]{subsection.2.2}{BiDAF}{section.2}% 7
\BOOKMARK [1][-]{section.3}{Model}{}% 8
\BOOKMARK [2][-]{subsection.3.1}{BERT}{section.3}% 9
\BOOKMARK [2][-]{subsection.3.2}{BiDAF}{section.3}% 10
\BOOKMARK [1][-]{section.4}{}{}% 11
\BOOKMARK [2][-]{subsection.4.1}{RNN速度改进}{section.4}% 12
\BOOKMARK [3][-]{subsubsection.4.1.1}{参考文献}{subsection.4.1}% 13
\BOOKMARK [2][-]{subsection.4.2}{Few-shot\040Learning\040for\040Text\040Classification}{section.4}% 14
\BOOKMARK [3][-]{subsubsection.4.2.1}{参考文献}{subsection.4.2}% 15
\BOOKMARK [1][-]{section.5}{实现要求}{}% 16
\BOOKMARK [1][-]{section.6}{项目报告}{}% 17
\BOOKMARK [1][-]{section.7}{报告的格式信息}{}% 18
\BOOKMARK [1][-]{section.8}{General\040formatting\040instructions}{}% 19
\BOOKMARK [1][-]{section.9}{Headings:\040first\040level}{}% 20
\BOOKMARK [2][-]{subsection.9.1}{Headings:\040second\040level}{section.9}% 21
\BOOKMARK [3][-]{subsubsection.9.1.1}{Headings:\040third\040level}{subsection.9.1}% 22
\BOOKMARK [1][-]{section.10}{Citations,\040figures,\040tables,\040references}{}% 23
\BOOKMARK [2][-]{subsection.10.1}{Citations\040within\040the\040text}{section.10}% 24
\BOOKMARK [2][-]{subsection.10.2}{Footnotes}{section.10}% 25
\BOOKMARK [2][-]{subsection.10.3}{Figures}{section.10}% 26
\BOOKMARK [2][-]{subsection.10.4}{Tables}{section.10}% 27
\BOOKMARK [1][-]{section.11}{Final\040instructions}{}% 28
